0 info it worked if it ends with ok
1 verbose cli [ '/usr/bin/node', '/usr/bin/npm', 'i', '-g', 'autoprefixer' ]
2 info using npm@3.5.2
3 info using node@v8.10.0
4 silly loadCurrentTree Starting
5 silly install loadCurrentTree
6 silly install readGlobalPackageData
7 silly fetchPackageMetaData autoprefixer
8 silly fetchNamedPackageData autoprefixer
9 silly mapToRegistry name autoprefixer
10 silly mapToRegistry using default registry
11 silly mapToRegistry registry https://registry.npmjs.org/
12 silly mapToRegistry uri https://registry.npmjs.org/autoprefixer
13 verbose request uri https://registry.npmjs.org/autoprefixer
14 verbose request no auth needed
15 info attempt registry request try #1 at 4:05:14
16 verbose request id 0e8ebe3e3c38f53e
17 verbose etag W/"7cbca5d1687b0d3dc0b89d87ab8104d5"
18 verbose lastModified Wed, 24 Jun 2020 03:31:13 GMT
19 http request GET https://registry.npmjs.org/autoprefixer
20 http 304 https://registry.npmjs.org/autoprefixer
21 verbose headers { date: 'Mon, 06 Jul 2020 19:05:15 GMT',
21 verbose headers   connection: 'keep-alive',
21 verbose headers   'set-cookie':
21 verbose headers    [ '__cfduid=d578e31b49dc468d54208839c41e2d8c91594062315; expires=Wed, 05-Aug-20 19:05:15 GMT; path=/; domain=.npmjs.org; HttpOnly; SameSite=Lax' ],
21 verbose headers   'cf-ray': '5aeb989d09bedb28-KIX',
21 verbose headers   age: '3099',
21 verbose headers   'cache-control': 'public, max-age=300',
21 verbose headers   etag: '"7cbca5d1687b0d3dc0b89d87ab8104d5"',
21 verbose headers   'last-modified': 'Wed, 24 Jun 2020 03:31:13 GMT',
21 verbose headers   vary: 'Accept-Encoding',
21 verbose headers   'cf-cache-status': 'HIT',
21 verbose headers   'cf-request-id': '03c71db6270000db282caa1200000001',
21 verbose headers   'expect-ct': 'max-age=604800, report-uri="https://report-uri.cloudflare.com/cdn-cgi/beacon/expect-ct"',
21 verbose headers   server: 'cloudflare' }
22 silly get cb [ 304,
22 silly get   { date: 'Mon, 06 Jul 2020 19:05:15 GMT',
22 silly get     connection: 'keep-alive',
22 silly get     'set-cookie':
22 silly get      [ '__cfduid=d578e31b49dc468d54208839c41e2d8c91594062315; expires=Wed, 05-Aug-20 19:05:15 GMT; path=/; domain=.npmjs.org; HttpOnly; SameSite=Lax' ],
22 silly get     'cf-ray': '5aeb989d09bedb28-KIX',
22 silly get     age: '3099',
22 silly get     'cache-control': 'public, max-age=300',
22 silly get     etag: '"7cbca5d1687b0d3dc0b89d87ab8104d5"',
22 silly get     'last-modified': 'Wed, 24 Jun 2020 03:31:13 GMT',
22 silly get     vary: 'Accept-Encoding',
22 silly get     'cf-cache-status': 'HIT',
22 silly get     'cf-request-id': '03c71db6270000db282caa1200000001',
22 silly get     'expect-ct': 'max-age=604800, report-uri="https://report-uri.cloudflare.com/cdn-cgi/beacon/expect-ct"',
22 silly get     server: 'cloudflare' } ]
23 verbose etag https://registry.npmjs.org/autoprefixer from cache
24 verbose get saving autoprefixer to /home/y-kawamura/.npm/registry.npmjs.org/autoprefixer/.cache.json
25 silly install normalizeTree
26 silly loadCurrentTree Finishing
27 silly loadIdealTree Starting
28 silly install loadIdealTree
29 silly cloneCurrentTree Starting
30 silly install cloneCurrentTreeToIdealTree
31 silly cloneCurrentTree Finishing
32 silly loadShrinkwrap Starting
33 silly install loadShrinkwrap
34 silly loadShrinkwrap Finishing
35 silly loadAllDepsIntoIdealTree Starting
36 silly install loadAllDepsIntoIdealTree
37 silly resolveWithNewModule autoprefixer@9.8.4 checking installable status
38 silly cache add args [ 'autoprefixer', null ]
39 verbose cache add spec autoprefixer
40 silly cache add parsed spec Result {
40 silly cache add   raw: 'autoprefixer',
40 silly cache add   scope: null,
40 silly cache add   name: 'autoprefixer',
40 silly cache add   rawSpec: '',
40 silly cache add   spec: 'latest',
40 silly cache add   type: 'tag' }
41 silly addNamed autoprefixer@latest
42 verbose addNamed "latest" is being treated as a dist-tag for autoprefixer
43 info addNameTag [ 'autoprefixer', 'latest' ]
44 silly mapToRegistry name autoprefixer
45 silly mapToRegistry using default registry
46 silly mapToRegistry registry https://registry.npmjs.org/
47 silly mapToRegistry uri https://registry.npmjs.org/autoprefixer
48 verbose addNameTag registry:https://registry.npmjs.org/autoprefixer not in flight; fetching
49 verbose get https://registry.npmjs.org/autoprefixer not expired, no request
50 silly addNameTag next cb for autoprefixer with tag latest
51 silly addNamed autoprefixer@9.8.4
52 verbose addNamed "9.8.4" is a plain semver version for autoprefixer
53 silly cache afterAdd autoprefixer@9.8.4
54 verbose afterAdd /home/y-kawamura/.npm/autoprefixer/9.8.4/package/package.json not in flight; writing
55 verbose afterAdd /home/y-kawamura/.npm/autoprefixer/9.8.4/package/package.json written
56 silly fetchNamedPackageData browserslist
57 silly mapToRegistry name browserslist
58 silly mapToRegistry using default registry
59 silly mapToRegistry registry https://registry.npmjs.org/
60 silly mapToRegistry uri https://registry.npmjs.org/browserslist
61 silly fetchNamedPackageData caniuse-lite
62 silly mapToRegistry name caniuse-lite
63 silly mapToRegistry using default registry
64 silly mapToRegistry registry https://registry.npmjs.org/
65 silly mapToRegistry uri https://registry.npmjs.org/caniuse-lite
66 silly fetchNamedPackageData colorette
67 silly mapToRegistry name colorette
68 silly mapToRegistry using default registry
69 silly mapToRegistry registry https://registry.npmjs.org/
70 silly mapToRegistry uri https://registry.npmjs.org/colorette
71 silly fetchNamedPackageData normalize-range
72 silly mapToRegistry name normalize-range
73 silly mapToRegistry using default registry
74 silly mapToRegistry registry https://registry.npmjs.org/
75 silly mapToRegistry uri https://registry.npmjs.org/normalize-range
76 silly fetchNamedPackageData num2fraction
77 silly mapToRegistry name num2fraction
78 silly mapToRegistry using default registry
79 silly mapToRegistry registry https://registry.npmjs.org/
80 silly mapToRegistry uri https://registry.npmjs.org/num2fraction
81 silly fetchNamedPackageData postcss
82 silly mapToRegistry name postcss
83 silly mapToRegistry using default registry
84 silly mapToRegistry registry https://registry.npmjs.org/
85 silly mapToRegistry uri https://registry.npmjs.org/postcss
86 silly fetchNamedPackageData postcss-value-parser
87 silly mapToRegistry name postcss-value-parser
88 silly mapToRegistry using default registry
89 silly mapToRegistry registry https://registry.npmjs.org/
90 silly mapToRegistry uri https://registry.npmjs.org/postcss-value-parser
91 verbose request uri https://registry.npmjs.org/normalize-range
92 verbose request no auth needed
93 info attempt registry request try #1 at 4:05:15
94 verbose etag W/"c3a15e353dc95f29f01c259f8cfdfa65"
95 verbose lastModified Sun, 27 May 2018 10:33:46 GMT
96 http request GET https://registry.npmjs.org/normalize-range
97 verbose request uri https://registry.npmjs.org/colorette
98 verbose request no auth needed
99 info attempt registry request try #1 at 4:05:15
100 verbose etag W/"a38dc979833b3c578eeef086a6108349"
101 verbose lastModified Sat, 16 May 2020 18:24:59 GMT
102 http request GET https://registry.npmjs.org/colorette
103 verbose request uri https://registry.npmjs.org/num2fraction
104 verbose request no auth needed
105 info attempt registry request try #1 at 4:05:15
106 verbose etag W/"adf3de1622f8077a9b177d97a5c5a292"
107 verbose lastModified Sun, 27 May 2018 10:51:20 GMT
108 http request GET https://registry.npmjs.org/num2fraction
109 verbose get https://registry.npmjs.org/postcss not expired, no request
110 silly resolveWithNewModule postcss@7.0.32 checking installable status
111 silly cache add args [ 'postcss@^7.0.32', null ]
112 verbose cache add spec postcss@^7.0.32
113 silly cache add parsed spec Result {
113 silly cache add   raw: 'postcss@^7.0.32',
113 silly cache add   scope: null,
113 silly cache add   name: 'postcss',
113 silly cache add   rawSpec: '^7.0.32',
113 silly cache add   spec: '>=7.0.32 <8.0.0',
113 silly cache add   type: 'range' }
114 silly addNamed postcss@>=7.0.32 <8.0.0
115 verbose addNamed ">=7.0.32 <8.0.0" is a valid semver range for postcss
116 silly addNameRange { name: 'postcss', range: '>=7.0.32 <8.0.0', hasData: false }
117 silly mapToRegistry name postcss
118 silly mapToRegistry using default registry
119 silly mapToRegistry registry https://registry.npmjs.org/
120 silly mapToRegistry uri https://registry.npmjs.org/postcss
121 verbose addNameRange registry:https://registry.npmjs.org/postcss not in flight; fetching
122 verbose request uri https://registry.npmjs.org/browserslist
123 verbose request no auth needed
124 info attempt registry request try #1 at 4:05:15
125 verbose etag W/"6608d941f4d6210410ed1896c27baa2f"
126 verbose lastModified Fri, 26 Jun 2020 17:21:04 GMT
127 http request GET https://registry.npmjs.org/browserslist
128 verbose request uri https://registry.npmjs.org/postcss-value-parser
129 verbose request no auth needed
130 info attempt registry request try #1 at 4:05:15
131 verbose etag W/"ed949650f3ce96e09473b4f93ed363cd"
132 verbose lastModified Tue, 28 Apr 2020 14:11:57 GMT
133 http request GET https://registry.npmjs.org/postcss-value-parser
134 verbose request uri https://registry.npmjs.org/caniuse-lite
135 verbose request no auth needed
136 info attempt registry request try #1 at 4:05:15
137 verbose etag W/"a19c7766b37a293bb773e1dabefc91eb"
138 verbose lastModified Wed, 01 Jul 2020 22:33:13 GMT
139 http request GET https://registry.npmjs.org/caniuse-lite
140 http 304 https://registry.npmjs.org/normalize-range
141 verbose headers { date: 'Mon, 06 Jul 2020 19:05:15 GMT',
141 verbose headers   connection: 'keep-alive',
141 verbose headers   'set-cookie':
141 verbose headers    [ '__cfduid=d578e31b49dc468d54208839c41e2d8c91594062315; expires=Wed, 05-Aug-20 19:05:15 GMT; path=/; domain=.npmjs.org; HttpOnly; SameSite=Lax' ],
141 verbose headers   'cf-ray': '5aeb989e2b8fdb28-KIX',
141 verbose headers   age: '3657',
141 verbose headers   'cache-control': 'public, max-age=300',
141 verbose headers   etag: '"c3a15e353dc95f29f01c259f8cfdfa65"',
141 verbose headers   'last-modified': 'Sun, 27 May 2018 10:33:46 GMT',
141 verbose headers   vary: 'Accept-Encoding',
141 verbose headers   'cf-cache-status': 'HIT',
141 verbose headers   'cf-request-id': '03c71db6da0000db282caa8200000001',
141 verbose headers   'expect-ct': 'max-age=604800, report-uri="https://report-uri.cloudflare.com/cdn-cgi/beacon/expect-ct"',
141 verbose headers   server: 'cloudflare' }
142 silly get cb [ 304,
142 silly get   { date: 'Mon, 06 Jul 2020 19:05:15 GMT',
142 silly get     connection: 'keep-alive',
142 silly get     'set-cookie':
142 silly get      [ '__cfduid=d578e31b49dc468d54208839c41e2d8c91594062315; expires=Wed, 05-Aug-20 19:05:15 GMT; path=/; domain=.npmjs.org; HttpOnly; SameSite=Lax' ],
142 silly get     'cf-ray': '5aeb989e2b8fdb28-KIX',
142 silly get     age: '3657',
142 silly get     'cache-control': 'public, max-age=300',
142 silly get     etag: '"c3a15e353dc95f29f01c259f8cfdfa65"',
142 silly get     'last-modified': 'Sun, 27 May 2018 10:33:46 GMT',
142 silly get     vary: 'Accept-Encoding',
142 silly get     'cf-cache-status': 'HIT',
142 silly get     'cf-request-id': '03c71db6da0000db282caa8200000001',
142 silly get     'expect-ct': 'max-age=604800, report-uri="https://report-uri.cloudflare.com/cdn-cgi/beacon/expect-ct"',
142 silly get     server: 'cloudflare' } ]
143 verbose etag https://registry.npmjs.org/normalize-range from cache
144 verbose get saving normalize-range to /home/y-kawamura/.npm/registry.npmjs.org/normalize-range/.cache.json
145 verbose get https://registry.npmjs.org/postcss not expired, no request
146 silly addNameRange number 2 { name: 'postcss', range: '>=7.0.32 <8.0.0', hasData: true }
147 silly addNameRange versions [ 'postcss',
147 silly addNameRange   [ '0.1.0',
147 silly addNameRange     '0.2.0',
147 silly addNameRange     '0.3.0',
147 silly addNameRange     '0.3.1',
147 silly addNameRange     '0.3.2',
147 silly addNameRange     '0.3.3',
147 silly addNameRange     '0.3.4',
147 silly addNameRange     '0.3.5',
147 silly addNameRange     '1.0.0',
147 silly addNameRange     '2.0.0',
147 silly addNameRange     '2.1.0',
147 silly addNameRange     '2.1.1',
147 silly addNameRange     '2.1.2',
147 silly addNameRange     '2.2.0',
147 silly addNameRange     '2.2.1',
147 silly addNameRange     '2.2.2',
147 silly addNameRange     '2.2.3',
147 silly addNameRange     '2.2.4',
147 silly addNameRange     '2.2.5',
147 silly addNameRange     '2.2.6',
147 silly addNameRange     '3.0.0',
147 silly addNameRange     '3.0.1',
147 silly addNameRange     '3.0.2',
147 silly addNameRange     '3.0.3',
147 silly addNameRange     '3.0.4',
147 silly addNameRange     '3.0.5',
147 silly addNameRange     '3.0.6',
147 silly addNameRange     '3.0.7',
147 silly addNameRange     '4.0.0',
147 silly addNameRange     '4.0.1',
147 silly addNameRange     '4.0.2',
147 silly addNameRange     '4.0.3',
147 silly addNameRange     '4.0.4',
147 silly addNameRange     '4.0.5',
147 silly addNameRange     '4.0.6',
147 silly addNameRange     '4.1.0',
147 silly addNameRange     '4.1.1',
147 silly addNameRange     '4.1.2',
147 silly addNameRange     '4.1.3',
147 silly addNameRange     '4.1.4',
147 silly addNameRange     '4.1.5',
147 silly addNameRange     '4.1.6',
147 silly addNameRange     '4.1.7',
147 silly addNameRange     '4.1.8',
147 silly addNameRange     '4.1.9',
147 silly addNameRange     '4.1.10',
147 silly addNameRange     '4.1.11',
147 silly addNameRange     '4.1.12',
147 silly addNameRange     '4.1.13',
147 silly addNameRange     '4.1.14',
147 silly addNameRange     '4.1.15',
147 silly addNameRange     '4.1.16',
147 silly addNameRange     '5.0.0',
147 silly addNameRange     '5.0.1',
147 silly addNameRange     '5.0.2',
147 silly addNameRange     '5.0.3',
147 silly addNameRange     '5.0.4',
147 silly addNameRange     '5.0.5',
147 silly addNameRange     '5.0.6',
147 silly addNameRange     '5.0.7',
147 silly addNameRange     '5.0.8',
147 silly addNameRange     '5.0.9',
147 silly addNameRange     '5.0.10',
147 silly addNameRange     '5.0.11',
147 silly addNameRange     '5.0.12',
147 silly addNameRange     '5.0.13',
147 silly addNameRange     '5.0.14',
147 silly addNameRange     '5.0.15',
147 silly addNameRange     '5.0.16',
147 silly addNameRange     '5.0.17',
147 silly addNameRange     '5.0.18',
147 silly addNameRange     '5.0.19',
147 silly addNameRange     '5.0.20',
147 silly addNameRange     '5.0.21',
147 silly addNameRange     '5.1.0',
147 silly addNameRange     '5.1.1',
147 silly addNameRange     '5.1.2',
147 silly addNameRange     '5.2.0',
147 silly addNameRange     '5.2.1',
147 silly addNameRange     '5.2.2',
147 silly addNameRange     '5.2.3',
147 silly addNameRange     '5.2.4',
147 silly addNameRange     '5.2.5',
147 silly addNameRange     '5.2.6',
147 silly addNameRange     '5.2.7',
147 silly addNameRange     '5.2.8',
147 silly addNameRange     '5.2.9',
147 silly addNameRange     '5.2.10',
147 silly addNameRange     '5.2.11',
147 silly addNameRange     '5.2.12',
147 silly addNameRange     '5.2.13',
147 silly addNameRange     '5.2.14',
147 silly addNameRange     '5.2.15',
147 silly addNameRange     '5.2.16',
147 silly addNameRange     '5.2.17',
147 silly addNameRange     '6.0.0',
147 silly addNameRange     '6.0.1',
147 silly addNameRange     '6.0.2',
147 silly addNameRange     '6.0.3',
147 silly addNameRange     '6.0.4',
147 silly addNameRange     ... 53 more items ] ]
148 silly addNamed postcss@7.0.32
149 verbose addNamed "7.0.32" is a plain semver version for postcss
150 silly cache afterAdd postcss@7.0.32
151 verbose afterAdd /home/y-kawamura/.npm/postcss/7.0.32/package/package.json not in flight; writing
152 silly resolveWithNewModule normalize-range@0.1.2 checking installable status
153 silly cache add args [ 'normalize-range@^0.1.2', null ]
154 verbose cache add spec normalize-range@^0.1.2
155 silly cache add parsed spec Result {
155 silly cache add   raw: 'normalize-range@^0.1.2',
155 silly cache add   scope: null,
155 silly cache add   name: 'normalize-range',
155 silly cache add   rawSpec: '^0.1.2',
155 silly cache add   spec: '>=0.1.2 <0.2.0',
155 silly cache add   type: 'range' }
156 silly addNamed normalize-range@>=0.1.2 <0.2.0
157 verbose addNamed ">=0.1.2 <0.2.0" is a valid semver range for normalize-range
158 silly addNameRange { name: 'normalize-range',
158 silly addNameRange   range: '>=0.1.2 <0.2.0',
158 silly addNameRange   hasData: false }
159 silly mapToRegistry name normalize-range
160 silly mapToRegistry using default registry
161 silly mapToRegistry registry https://registry.npmjs.org/
162 silly mapToRegistry uri https://registry.npmjs.org/normalize-range
163 verbose addNameRange registry:https://registry.npmjs.org/normalize-range not in flight; fetching
164 verbose get https://registry.npmjs.org/normalize-range not expired, no request
165 silly addNameRange number 2 { name: 'normalize-range',
165 silly addNameRange   range: '>=0.1.2 <0.2.0',
165 silly addNameRange   hasData: true }
166 silly addNameRange versions [ 'normalize-range', [ '0.1.0', '0.1.1', '0.1.2' ] ]
167 silly addNamed normalize-range@0.1.2
168 verbose addNamed "0.1.2" is a plain semver version for normalize-range
169 verbose afterAdd /home/y-kawamura/.npm/postcss/7.0.32/package/package.json written
170 silly cache afterAdd normalize-range@0.1.2
171 verbose afterAdd /home/y-kawamura/.npm/normalize-range/0.1.2/package/package.json not in flight; writing
172 verbose afterAdd /home/y-kawamura/.npm/normalize-range/0.1.2/package/package.json written
173 http 304 https://registry.npmjs.org/postcss-value-parser
174 verbose headers { date: 'Mon, 06 Jul 2020 19:05:15 GMT',
174 verbose headers   connection: 'keep-alive',
174 verbose headers   'set-cookie':
174 verbose headers    [ '__cfduid=d1ee00e9a6c1d78681b32ce6e0e0fa67e1594062315; expires=Wed, 05-Aug-20 19:05:15 GMT; path=/; domain=.npmjs.org; HttpOnly; SameSite=Lax' ],
174 verbose headers   'cf-ray': '5aeb989e8eb50a30-KIX',
174 verbose headers   age: '3657',
174 verbose headers   'cache-control': 'public, max-age=300',
174 verbose headers   etag: '"ed949650f3ce96e09473b4f93ed363cd"',
174 verbose headers   'last-modified': 'Tue, 28 Apr 2020 14:11:57 GMT',
174 verbose headers   vary: 'Accept-Encoding',
174 verbose headers   'cf-cache-status': 'HIT',
174 verbose headers   'cf-request-id': '03c71db71800000a304118e200000001',
174 verbose headers   'expect-ct': 'max-age=604800, report-uri="https://report-uri.cloudflare.com/cdn-cgi/beacon/expect-ct"',
174 verbose headers   server: 'cloudflare' }
175 silly get cb [ 304,
175 silly get   { date: 'Mon, 06 Jul 2020 19:05:15 GMT',
175 silly get     connection: 'keep-alive',
175 silly get     'set-cookie':
175 silly get      [ '__cfduid=d1ee00e9a6c1d78681b32ce6e0e0fa67e1594062315; expires=Wed, 05-Aug-20 19:05:15 GMT; path=/; domain=.npmjs.org; HttpOnly; SameSite=Lax' ],
175 silly get     'cf-ray': '5aeb989e8eb50a30-KIX',
175 silly get     age: '3657',
175 silly get     'cache-control': 'public, max-age=300',
175 silly get     etag: '"ed949650f3ce96e09473b4f93ed363cd"',
175 silly get     'last-modified': 'Tue, 28 Apr 2020 14:11:57 GMT',
175 silly get     vary: 'Accept-Encoding',
175 silly get     'cf-cache-status': 'HIT',
175 silly get     'cf-request-id': '03c71db71800000a304118e200000001',
175 silly get     'expect-ct': 'max-age=604800, report-uri="https://report-uri.cloudflare.com/cdn-cgi/beacon/expect-ct"',
175 silly get     server: 'cloudflare' } ]
176 verbose etag https://registry.npmjs.org/postcss-value-parser from cache
177 verbose get saving postcss-value-parser to /home/y-kawamura/.npm/registry.npmjs.org/postcss-value-parser/.cache.json
178 http 304 https://registry.npmjs.org/num2fraction
179 verbose headers { date: 'Mon, 06 Jul 2020 19:05:15 GMT',
179 verbose headers   connection: 'keep-alive',
179 verbose headers   'set-cookie':
179 verbose headers    [ '__cfduid=d4f3e81fce65c9cb3a9f2eb0cd6fe97f21594062315; expires=Wed, 05-Aug-20 19:05:15 GMT; path=/; domain=.npmjs.org; HttpOnly; SameSite=Lax' ],
179 verbose headers   'cf-ray': '5aeb989e8c4ffcc1-KIX',
179 verbose headers   age: '2616',
179 verbose headers   'cache-control': 'public, max-age=300',
179 verbose headers   etag: '"adf3de1622f8077a9b177d97a5c5a292"',
179 verbose headers   'last-modified': 'Sun, 27 May 2018 10:51:20 GMT',
179 verbose headers   vary: 'Accept-Encoding',
179 verbose headers   'cf-cache-status': 'HIT',
179 verbose headers   'cf-request-id': '03c71db7160000fcc17d34a200000001',
179 verbose headers   'expect-ct': 'max-age=604800, report-uri="https://report-uri.cloudflare.com/cdn-cgi/beacon/expect-ct"',
179 verbose headers   server: 'cloudflare' }
180 silly get cb [ 304,
180 silly get   { date: 'Mon, 06 Jul 2020 19:05:15 GMT',
180 silly get     connection: 'keep-alive',
180 silly get     'set-cookie':
180 silly get      [ '__cfduid=d4f3e81fce65c9cb3a9f2eb0cd6fe97f21594062315; expires=Wed, 05-Aug-20 19:05:15 GMT; path=/; domain=.npmjs.org; HttpOnly; SameSite=Lax' ],
180 silly get     'cf-ray': '5aeb989e8c4ffcc1-KIX',
180 silly get     age: '2616',
180 silly get     'cache-control': 'public, max-age=300',
180 silly get     etag: '"adf3de1622f8077a9b177d97a5c5a292"',
180 silly get     'last-modified': 'Sun, 27 May 2018 10:51:20 GMT',
180 silly get     vary: 'Accept-Encoding',
180 silly get     'cf-cache-status': 'HIT',
180 silly get     'cf-request-id': '03c71db7160000fcc17d34a200000001',
180 silly get     'expect-ct': 'max-age=604800, report-uri="https://report-uri.cloudflare.com/cdn-cgi/beacon/expect-ct"',
180 silly get     server: 'cloudflare' } ]
181 verbose etag https://registry.npmjs.org/num2fraction from cache
182 verbose get saving num2fraction to /home/y-kawamura/.npm/registry.npmjs.org/num2fraction/.cache.json
183 silly resolveWithNewModule postcss-value-parser@4.1.0 checking installable status
184 silly cache add args [ 'postcss-value-parser@^4.1.0', null ]
185 verbose cache add spec postcss-value-parser@^4.1.0
186 silly cache add parsed spec Result {
186 silly cache add   raw: 'postcss-value-parser@^4.1.0',
186 silly cache add   scope: null,
186 silly cache add   name: 'postcss-value-parser',
186 silly cache add   rawSpec: '^4.1.0',
186 silly cache add   spec: '>=4.1.0 <5.0.0',
186 silly cache add   type: 'range' }
187 silly addNamed postcss-value-parser@>=4.1.0 <5.0.0
188 verbose addNamed ">=4.1.0 <5.0.0" is a valid semver range for postcss-value-parser
189 silly addNameRange { name: 'postcss-value-parser',
189 silly addNameRange   range: '>=4.1.0 <5.0.0',
189 silly addNameRange   hasData: false }
190 silly mapToRegistry name postcss-value-parser
191 silly mapToRegistry using default registry
192 silly mapToRegistry registry https://registry.npmjs.org/
193 silly mapToRegistry uri https://registry.npmjs.org/postcss-value-parser
194 verbose addNameRange registry:https://registry.npmjs.org/postcss-value-parser not in flight; fetching
195 silly resolveWithNewModule num2fraction@1.2.2 checking installable status
196 silly cache add args [ 'num2fraction@^1.2.2', null ]
197 verbose cache add spec num2fraction@^1.2.2
198 silly cache add parsed spec Result {
198 silly cache add   raw: 'num2fraction@^1.2.2',
198 silly cache add   scope: null,
198 silly cache add   name: 'num2fraction',
198 silly cache add   rawSpec: '^1.2.2',
198 silly cache add   spec: '>=1.2.2 <2.0.0',
198 silly cache add   type: 'range' }
199 silly addNamed num2fraction@>=1.2.2 <2.0.0
200 verbose addNamed ">=1.2.2 <2.0.0" is a valid semver range for num2fraction
201 silly addNameRange { name: 'num2fraction', range: '>=1.2.2 <2.0.0', hasData: false }
202 silly mapToRegistry name num2fraction
203 silly mapToRegistry using default registry
204 silly mapToRegistry registry https://registry.npmjs.org/
205 silly mapToRegistry uri https://registry.npmjs.org/num2fraction
206 verbose addNameRange registry:https://registry.npmjs.org/num2fraction not in flight; fetching
207 verbose get https://registry.npmjs.org/postcss-value-parser not expired, no request
208 silly addNameRange number 2 { name: 'postcss-value-parser',
208 silly addNameRange   range: '>=4.1.0 <5.0.0',
208 silly addNameRange   hasData: true }
209 silly addNameRange versions [ 'postcss-value-parser',
209 silly addNameRange   [ '1.0.0',
209 silly addNameRange     '1.0.1',
209 silly addNameRange     '1.0.2',
209 silly addNameRange     '1.1.0',
209 silly addNameRange     '1.2.0',
209 silly addNameRange     '1.2.1',
209 silly addNameRange     '1.2.2',
209 silly addNameRange     '1.3.0',
209 silly addNameRange     '1.4.0',
209 silly addNameRange     '1.4.1',
209 silly addNameRange     '1.4.2',
209 silly addNameRange     '2.0.0',
209 silly addNameRange     '2.0.1',
209 silly addNameRange     '2.0.2',
209 silly addNameRange     '2.0.3',
209 silly addNameRange     '2.0.4',
209 silly addNameRange     '2.0.5',
209 silly addNameRange     '3.0.0',
209 silly addNameRange     '3.0.1',
209 silly addNameRange     '3.0.2',
209 silly addNameRange     '3.0.3',
209 silly addNameRange     '3.1.0',
209 silly addNameRange     '3.1.1',
209 silly addNameRange     '3.1.2',
209 silly addNameRange     '3.1.3',
209 silly addNameRange     '3.2.0',
209 silly addNameRange     '3.2.1',
209 silly addNameRange     '3.2.3',
209 silly addNameRange     '3.3.0',
209 silly addNameRange     '3.3.1',
209 silly addNameRange     '4.0.0',
209 silly addNameRange     '4.0.1',
209 silly addNameRange     '4.0.2',
209 silly addNameRange     '4.0.3',
209 silly addNameRange     '4.1.0' ] ]
210 silly addNamed postcss-value-parser@4.1.0
211 verbose addNamed "4.1.0" is a plain semver version for postcss-value-parser
212 http 200 https://registry.npmjs.org/colorette
213 verbose headers { date: 'Mon, 06 Jul 2020 19:05:15 GMT',
213 verbose headers   'content-type': 'application/json',
213 verbose headers   'transfer-encoding': 'chunked',
213 verbose headers   connection: 'keep-alive',
213 verbose headers   'set-cookie':
213 verbose headers    [ '__cfduid=dc115550ca3ab48a1392da4514d6aa6841594062315; expires=Wed, 05-Aug-20 19:05:15 GMT; path=/; domain=.npmjs.org; HttpOnly; SameSite=Lax' ],
213 verbose headers   'cf-ray': '5aeb989e8ad60a3c-KIX',
213 verbose headers   age: '1054',
213 verbose headers   'cache-control': 'public, max-age=300',
213 verbose headers   etag: 'W/"665ad403f25cfae166255a97f1ef22d0"',
213 verbose headers   'last-modified': 'Sun, 05 Jul 2020 13:33:21 GMT',
213 verbose headers   vary: 'accept-encoding, accept',
213 verbose headers   'cf-cache-status': 'HIT',
213 verbose headers   'cf-request-id': '03c71db71600000a3cda376200000001',
213 verbose headers   'expect-ct': 'max-age=604800, report-uri="https://report-uri.cloudflare.com/cdn-cgi/beacon/expect-ct"',
213 verbose headers   server: 'cloudflare',
213 verbose headers   'content-encoding': 'gzip' }
214 silly get cb [ 200,
214 silly get   { date: 'Mon, 06 Jul 2020 19:05:15 GMT',
214 silly get     'content-type': 'application/json',
214 silly get     'transfer-encoding': 'chunked',
214 silly get     connection: 'keep-alive',
214 silly get     'set-cookie':
214 silly get      [ '__cfduid=dc115550ca3ab48a1392da4514d6aa6841594062315; expires=Wed, 05-Aug-20 19:05:15 GMT; path=/; domain=.npmjs.org; HttpOnly; SameSite=Lax' ],
214 silly get     'cf-ray': '5aeb989e8ad60a3c-KIX',
214 silly get     age: '1054',
214 silly get     'cache-control': 'public, max-age=300',
214 silly get     etag: 'W/"665ad403f25cfae166255a97f1ef22d0"',
214 silly get     'last-modified': 'Sun, 05 Jul 2020 13:33:21 GMT',
214 silly get     vary: 'accept-encoding, accept',
214 silly get     'cf-cache-status': 'HIT',
214 silly get     'cf-request-id': '03c71db71600000a3cda376200000001',
214 silly get     'expect-ct': 'max-age=604800, report-uri="https://report-uri.cloudflare.com/cdn-cgi/beacon/expect-ct"',
214 silly get     server: 'cloudflare',
214 silly get     'content-encoding': 'gzip' } ]
215 verbose get saving colorette to /home/y-kawamura/.npm/registry.npmjs.org/colorette/.cache.json
216 verbose get https://registry.npmjs.org/num2fraction not expired, no request
217 silly addNameRange number 2 { name: 'num2fraction', range: '>=1.2.2 <2.0.0', hasData: true }
218 silly addNameRange versions [ 'num2fraction',
218 silly addNameRange   [ '1.0.0', '1.0.1', '1.1.0', '1.2.0', '1.2.1', '1.2.2' ] ]
219 silly addNamed num2fraction@1.2.2
220 verbose addNamed "1.2.2" is a plain semver version for num2fraction
221 silly cache afterAdd postcss-value-parser@4.1.0
222 verbose afterAdd /home/y-kawamura/.npm/postcss-value-parser/4.1.0/package/package.json not in flight; writing
223 verbose stack Error: Missing required argument #1
223 verbose stack     at andLogAndFinish (/usr/share/npm/lib/fetch-package-metadata.js:31:3)
223 verbose stack     at fetchPackageMetadata (/usr/share/npm/lib/fetch-package-metadata.js:51:22)
223 verbose stack     at resolveWithNewModule (/usr/share/npm/lib/install/deps.js:456:12)
223 verbose stack     at /usr/share/npm/lib/install/deps.js:457:7
223 verbose stack     at /usr/share/npm/node_modules/iferr/index.js:13:50
223 verbose stack     at /usr/share/npm/lib/fetch-package-metadata.js:37:12
223 verbose stack     at addRequestedAndFinish (/usr/share/npm/lib/fetch-package-metadata.js:82:5)
223 verbose stack     at returnAndAddMetadata (/usr/share/npm/lib/fetch-package-metadata.js:117:7)
223 verbose stack     at pickVersionFromRegistryDocument (/usr/share/npm/lib/fetch-package-metadata.js:134:20)
223 verbose stack     at /usr/share/npm/node_modules/iferr/index.js:13:50
224 verbose cwd /home/y-kawamura/Documents/mypage
225 error Linux 5.3.0-62-generic
226 error argv "/usr/bin/node" "/usr/bin/npm" "i" "-g" "autoprefixer"
227 error node v8.10.0
228 error npm  v3.5.2
229 error code EMISSINGARG
230 error typeerror Error: Missing required argument #1
230 error typeerror     at andLogAndFinish (/usr/share/npm/lib/fetch-package-metadata.js:31:3)
230 error typeerror     at fetchPackageMetadata (/usr/share/npm/lib/fetch-package-metadata.js:51:22)
230 error typeerror     at resolveWithNewModule (/usr/share/npm/lib/install/deps.js:456:12)
230 error typeerror     at /usr/share/npm/lib/install/deps.js:457:7
230 error typeerror     at /usr/share/npm/node_modules/iferr/index.js:13:50
230 error typeerror     at /usr/share/npm/lib/fetch-package-metadata.js:37:12
230 error typeerror     at addRequestedAndFinish (/usr/share/npm/lib/fetch-package-metadata.js:82:5)
230 error typeerror     at returnAndAddMetadata (/usr/share/npm/lib/fetch-package-metadata.js:117:7)
230 error typeerror     at pickVersionFromRegistryDocument (/usr/share/npm/lib/fetch-package-metadata.js:134:20)
230 error typeerror     at /usr/share/npm/node_modules/iferr/index.js:13:50
231 error typeerror This is an error with npm itself. Please report this error at:
231 error typeerror     <http://github.com/npm/npm/issues>
232 verbose exit [ 1, true ]
